<?xml version="1.0" encoding="UTF-8"?>
<testsuite xmlns:xsi="http://www.w3.org/2001/XMLSchema-instance" xsi:noNamespaceSchemaLocation="https://maven.apache.org/surefire/maven-failsafe-plugin/xsd/failsafe-test-report-3.0.xsd" version="3.0" name="com.runner.Runner" time="67.633" tests="1" errors="0" skipped="0" failures="0">
  <properties>
[...]
</properties>
  <testcase name="Validate the locations of hospitals in india" classname="To validate the apollo hospital application" time="67.471">
    <system-out><![CDATA[Ahmedabad
------------
Plot No.1A, Bhat GIDC Estate Dist. Airport Gandhinagar Road, Dist. Gandhinagar, Ahmedabad - 382428 Gujarat

Aragonda
------------
Aragonda (V), Thavanampalli (M), Chittoor (D)

Bangalore
------------
154 / 11, Bannerghatta Road Opp. I.I.M Bangalore - 560 076

Bhubaneshwar
------------
Plot No. 251, Old Sainik School Road Bhubaneshwar - 750 015

Bilaspur
------------
Apollo Hospitals Bilaspur, Seepat Road, Bilaspur, Chhattisgarh, 495006

Bhopal
------------
Apollo Sage Hospitals, E-8 Extension, Arera Colony, Bhopal - 462026

Chennai
------------
21, Greams Lane, Off Greams Road Chennai – 600006

Delhi
------------
Sarita Vihar Delhi Mathura Road, New Delhi - 110076 (India)

Guwahati
------------
Apollo Hospitals, Guwahati Unit: International Hospitals Lotus Tower, Christian Basti, G.S.Road Guwahati - 781 005

Hyderabad
------------
Film Nagar, Jubilee Hills, Hyderabad, Telangana State, India. Toll No – 1860 500 1066

Indore
------------
Scheme No. 74 C, Sector D, Vijay Nagar, Indore 452 010 (Madhya Pradesh).

Kakinada
------------
13-1-3, Suryaraopeta Main Road, Kakinada - 533 001

Karur
------------
163 - AE, Allwyn Nagar Kovai Road Karur - 639002

Kolkata
------------
58, Canal Circular Road Kolkata - 700 054

Kochi
------------
Apollo Adlux Hospital Angamaly, Cable Junction, Ernakulam District, National Highway 47 Karukutty, Kerala 683576

Lucknow
------------
Apollomedics Super Speciality Hospitals
Kanpur - Lucknow Rd, Sector B, Bargawan, LDA Colony, Lucknow, Uttar Pradesh 226012

Madurai
------------
Lake View Road, K.K. Nagar, Madurai - 625 020

Mumbai
------------
Parsik Hill Road, Sector 23, CBD Belapur, Navi Mumbai - 400 614

Mysore
------------
Adhichunchanagiri Road Kuvempunagar, Mysore - 570 023

Nashik
------------
Swaminarayan Nagar Near Lunge Mangal Karyalaya New Adgaon Naka, Panchavati Nashik 422 003, Maharashtra.

Nellore
------------
Apollo specialty Hospitals Nellore, 16/111, 1133, Muthukur Rd, Pinakini Avenue, Ramji Nagar, Nellore, Andhra Pradesh 524004

Noida
------------
E 2, Apollo Hospitals Rd, Block E, Sector 26, Noida, Uttar Pradesh 201301

Trichy
------------
Ariyamangalam Area, Chennai - Madurai Highway, Trichy - 620 010

]]></system-out>
    <system-err><![CDATA[SLF4J: No SLF4J providers were found.
SLF4J: Defaulting to no-operation (NOP) logger implementation
SLF4J: See https://www.slf4j.org/codes.html#noProviders for further details.
SLF4J: Class path contains SLF4J bindings targeting slf4j-api versions 1.7.x or earlier.
SLF4J: Ignoring binding found at [jar:file:/C:/Users/C2TA/.m2/repository/ch/qos/logback/logback-classic/1.2.10/logback-classic-1.2.10.jar!/org/slf4j/impl/StaticLoggerBinder.class]
SLF4J: See https://www.slf4j.org/codes.html#ignoredBindings for an explanation.
Dec 27, 2023 3:53:56 PM org.openqa.selenium.devtools.CdpVersionFinder findNearestMatch
WARNING: Unable to find an exact match for CDP version 120, returning the closest version; found: 119; Please update to a Selenium version that supports CDP version 120
]]></system-err>
  </testcase>
</testsuite>